Symlinking /home/liudiyang1998/Git/ROS-Robotics-By-Example/Chapter_7_code/devel/share/roseus/ros/hector_uav_msgs/manifest.l
Symlinking /home/liudiyang1998/Git/ROS-Robotics-By-Example/Chapter_7_code/devel/share/roseus/ros/hector_uav_msgs/msg/MotorStatus.l
Symlinking /home/liudiyang1998/Git/ROS-Robotics-By-Example/Chapter_7_code/devel/share/roseus/ros/hector_uav_msgs/msg/VelocityZCommand.l
Symlinking /home/liudiyang1998/Git/ROS-Robotics-By-Example/Chapter_7_code/devel/share/roseus/ros/hector_uav_msgs/msg/MotorPWM.l
Symlinking /home/liudiyang1998/Git/ROS-Robotics-By-Example/Chapter_7_code/devel/share/roseus/ros/hector_uav_msgs/msg/PoseActionGoal.l
Symlinking /home/liudiyang1998/Git/ROS-Robotics-By-Example/Chapter_7_code/devel/share/roseus/ros/hector_uav_msgs/msg/PoseResult.l
Symlinking /home/liudiyang1998/Git/ROS-Robotics-By-Example/Chapter_7_code/devel/share/roseus/ros/hector_uav_msgs/msg/ServoCommand.l
Symlinking /home/liudiyang1998/Git/ROS-Robotics-By-Example/Chapter_7_code/devel/share/roseus/ros/hector_uav_msgs/msg/RawMagnetic.l
Symlinking /home/liudiyang1998/Git/ROS-Robotics-By-Example/Chapter_7_code/devel/share/roseus/ros/hector_uav_msgs/msg/TakeoffFeedback.l
Symlinking /home/liudiyang1998/Git/ROS-Robotics-By-Example/Chapter_7_code/devel/share/roseus/ros/hector_uav_msgs/msg/PoseActionFeedback.l
Symlinking /home/liudiyang1998/Git/ROS-Robotics-By-Example/Chapter_7_code/devel/share/roseus/ros/hector_uav_msgs/msg/VelocityXYCommand.l
Symlinking /home/liudiyang1998/Git/ROS-Robotics-By-Example/Chapter_7_code/devel/share/roseus/ros/hector_uav_msgs/msg/PoseFeedback.l
Symlinking /home/liudiyang1998/Git/ROS-Robotics-By-Example/Chapter_7_code/devel/share/roseus/ros/hector_uav_msgs/msg/HeadingCommand.l
Symlinking /home/liudiyang1998/Git/ROS-Robotics-By-Example/Chapter_7_code/devel/share/roseus/ros/hector_uav_msgs/msg/TakeoffActionResult.l
Symlinking /home/liudiyang1998/Git/ROS-Robotics-By-Example/Chapter_7_code/devel/share/roseus/ros/hector_uav_msgs/msg/LandingActionGoal.l
Symlinking /home/liudiyang1998/Git/ROS-Robotics-By-Example/Chapter_7_code/devel/share/roseus/ros/hector_uav_msgs/msg/YawrateCommand.l
Symlinking /home/liudiyang1998/Git/ROS-Robotics-By-Example/Chapter_7_code/devel/share/roseus/ros/hector_uav_msgs/msg/LandingGoal.l
Symlinking /home/liudiyang1998/Git/ROS-Robotics-By-Example/Chapter_7_code/devel/share/roseus/ros/hector_uav_msgs/msg/RuddersCommand.l
Symlinking /home/liudiyang1998/Git/ROS-Robotics-By-Example/Chapter_7_code/devel/share/roseus/ros/hector_uav_msgs/msg/Compass.l
Symlinking /home/liudiyang1998/Git/ROS-Robotics-By-Example/Chapter_7_code/devel/share/roseus/ros/hector_uav_msgs/msg/TakeoffGoal.l
Symlinking /home/liudiyang1998/Git/ROS-Robotics-By-Example/Chapter_7_code/devel/share/roseus/ros/hector_uav_msgs/msg/RawImu.l
Symlinking /home/liudiyang1998/Git/ROS-Robotics-By-Example/Chapter_7_code/devel/share/roseus/ros/hector_uav_msgs/msg/PoseAction.l
Symlinking /home/liudiyang1998/Git/ROS-Robotics-By-Example/Chapter_7_code/devel/share/roseus/ros/hector_uav_msgs/msg/TakeoffActionFeedback.l
Symlinking /home/liudiyang1998/Git/ROS-Robotics-By-Example/Chapter_7_code/devel/share/roseus/ros/hector_uav_msgs/msg/TakeoffResult.l
Symlinking /home/liudiyang1998/Git/ROS-Robotics-By-Example/Chapter_7_code/devel/share/roseus/ros/hector_uav_msgs/msg/ControllerState.l
Symlinking /home/liudiyang1998/Git/ROS-Robotics-By-Example/Chapter_7_code/devel/share/roseus/ros/hector_uav_msgs/msg/PoseGoal.l
Symlinking /home/liudiyang1998/Git/ROS-Robotics-By-Example/Chapter_7_code/devel/share/roseus/ros/hector_uav_msgs/msg/LandingAction.l
Symlinking /home/liudiyang1998/Git/ROS-Robotics-By-Example/Chapter_7_code/devel/share/roseus/ros/hector_uav_msgs/msg/ThrustCommand.l
Symlinking /home/liudiyang1998/Git/ROS-Robotics-By-Example/Chapter_7_code/devel/share/roseus/ros/hector_uav_msgs/msg/AttitudeCommand.l
Symlinking /home/liudiyang1998/Git/ROS-Robotics-By-Example/Chapter_7_code/devel/share/roseus/ros/hector_uav_msgs/msg/TakeoffAction.l
Symlinking /home/liudiyang1998/Git/ROS-Robotics-By-Example/Chapter_7_code/devel/share/roseus/ros/hector_uav_msgs/msg/TakeoffActionGoal.l
Symlinking /home/liudiyang1998/Git/ROS-Robotics-By-Example/Chapter_7_code/devel/share/roseus/ros/hector_uav_msgs/msg/LandingActionFeedback.l
Symlinking /home/liudiyang1998/Git/ROS-Robotics-By-Example/Chapter_7_code/devel/share/roseus/ros/hector_uav_msgs/msg/HeightCommand.l
Symlinking /home/liudiyang1998/Git/ROS-Robotics-By-Example/Chapter_7_code/devel/share/roseus/ros/hector_uav_msgs/msg/LandingResult.l
Symlinking /home/liudiyang1998/Git/ROS-Robotics-By-Example/Chapter_7_code/devel/share/roseus/ros/hector_uav_msgs/msg/RawRC.l
Symlinking /home/liudiyang1998/Git/ROS-Robotics-By-Example/Chapter_7_code/devel/share/roseus/ros/hector_uav_msgs/msg/LandingFeedback.l
Symlinking /home/liudiyang1998/Git/ROS-Robotics-By-Example/Chapter_7_code/devel/share/roseus/ros/hector_uav_msgs/msg/Altimeter.l
Symlinking /home/liudiyang1998/Git/ROS-Robotics-By-Example/Chapter_7_code/devel/share/roseus/ros/hector_uav_msgs/msg/LandingActionResult.l
Symlinking /home/liudiyang1998/Git/ROS-Robotics-By-Example/Chapter_7_code/devel/share/roseus/ros/hector_uav_msgs/msg/RC.l
Symlinking /home/liudiyang1998/Git/ROS-Robotics-By-Example/Chapter_7_code/devel/share/roseus/ros/hector_uav_msgs/msg/Supply.l
Symlinking /home/liudiyang1998/Git/ROS-Robotics-By-Example/Chapter_7_code/devel/share/roseus/ros/hector_uav_msgs/msg/MotorCommand.l
Symlinking /home/liudiyang1998/Git/ROS-Robotics-By-Example/Chapter_7_code/devel/share/roseus/ros/hector_uav_msgs/msg/PositionXYCommand.l
Symlinking /home/liudiyang1998/Git/ROS-Robotics-By-Example/Chapter_7_code/devel/share/roseus/ros/hector_uav_msgs/msg/PoseActionResult.l
Symlinking /home/liudiyang1998/Git/ROS-Robotics-By-Example/Chapter_7_code/devel/share/roseus/ros/hector_uav_msgs/srv/EnableMotors.l
Symlinking /home/liudiyang1998/Git/ROS-Robotics-By-Example/Chapter_7_code/devel/share/hector_uav_msgs/cmake/hector_uav_msgsConfig-version.cmake
Symlinking /home/liudiyang1998/Git/ROS-Robotics-By-Example/Chapter_7_code/devel/share/hector_uav_msgs/cmake/hector_uav_msgs-msg-paths.cmake
Symlinking /home/liudiyang1998/Git/ROS-Robotics-By-Example/Chapter_7_code/devel/share/hector_uav_msgs/cmake/hector_uav_msgsConfig.cmake
Symlinking /home/liudiyang1998/Git/ROS-Robotics-By-Example/Chapter_7_code/devel/share/hector_uav_msgs/cmake/hector_uav_msgs-msg-extras.cmake
Symlinking /home/liudiyang1998/Git/ROS-Robotics-By-Example/Chapter_7_code/devel/share/hector_uav_msgs/msg/TakeoffActionFeedback.msg
Symlinking /home/liudiyang1998/Git/ROS-Robotics-By-Example/Chapter_7_code/devel/share/hector_uav_msgs/msg/LandingActionFeedback.msg
Symlinking /home/liudiyang1998/Git/ROS-Robotics-By-Example/Chapter_7_code/devel/share/hector_uav_msgs/msg/LandingResult.msg
Symlinking /home/liudiyang1998/Git/ROS-Robotics-By-Example/Chapter_7_code/devel/share/hector_uav_msgs/msg/PoseActionFeedback.msg
Symlinking /home/liudiyang1998/Git/ROS-Robotics-By-Example/Chapter_7_code/devel/share/hector_uav_msgs/msg/PoseResult.msg
Symlinking /home/liudiyang1998/Git/ROS-Robotics-By-Example/Chapter_7_code/devel/share/hector_uav_msgs/msg/TakeoffGoal.msg
Symlinking /home/liudiyang1998/Git/ROS-Robotics-By-Example/Chapter_7_code/devel/share/hector_uav_msgs/msg/LandingFeedback.msg
Symlinking /home/liudiyang1998/Git/ROS-Robotics-By-Example/Chapter_7_code/devel/share/hector_uav_msgs/msg/PoseAction.msg
Symlinking /home/liudiyang1998/Git/ROS-Robotics-By-Example/Chapter_7_code/devel/share/hector_uav_msgs/msg/TakeoffActionResult.msg
Symlinking /home/liudiyang1998/Git/ROS-Robotics-By-Example/Chapter_7_code/devel/share/hector_uav_msgs/msg/LandingGoal.msg
Symlinking /home/liudiyang1998/Git/ROS-Robotics-By-Example/Chapter_7_code/devel/share/hector_uav_msgs/msg/TakeoffResult.msg
Symlinking /home/liudiyang1998/Git/ROS-Robotics-By-Example/Chapter_7_code/devel/share/hector_uav_msgs/msg/TakeoffFeedback.msg
Symlinking /home/liudiyang1998/Git/ROS-Robotics-By-Example/Chapter_7_code/devel/share/hector_uav_msgs/msg/LandingActionResult.msg
Symlinking /home/liudiyang1998/Git/ROS-Robotics-By-Example/Chapter_7_code/devel/share/hector_uav_msgs/msg/TakeoffActionGoal.msg
Symlinking /home/liudiyang1998/Git/ROS-Robotics-By-Example/Chapter_7_code/devel/share/hector_uav_msgs/msg/LandingAction.msg
Symlinking /home/liudiyang1998/Git/ROS-Robotics-By-Example/Chapter_7_code/devel/share/hector_uav_msgs/msg/PoseActionGoal.msg
Symlinking /home/liudiyang1998/Git/ROS-Robotics-By-Example/Chapter_7_code/devel/share/hector_uav_msgs/msg/TakeoffAction.msg
Symlinking /home/liudiyang1998/Git/ROS-Robotics-By-Example/Chapter_7_code/devel/share/hector_uav_msgs/msg/PoseActionResult.msg
Symlinking /home/liudiyang1998/Git/ROS-Robotics-By-Example/Chapter_7_code/devel/share/hector_uav_msgs/msg/PoseGoal.msg
Symlinking /home/liudiyang1998/Git/ROS-Robotics-By-Example/Chapter_7_code/devel/share/hector_uav_msgs/msg/LandingActionGoal.msg
Symlinking /home/liudiyang1998/Git/ROS-Robotics-By-Example/Chapter_7_code/devel/share/hector_uav_msgs/msg/PoseFeedback.msg
Symlinking /home/liudiyang1998/Git/ROS-Robotics-By-Example/Chapter_7_code/devel/share/common-lisp/ros/hector_uav_msgs/msg/PositionXYCommand.lisp
Symlinking /home/liudiyang1998/Git/ROS-Robotics-By-Example/Chapter_7_code/devel/share/common-lisp/ros/hector_uav_msgs/msg/_package_Compass.lisp
Symlinking /home/liudiyang1998/Git/ROS-Robotics-By-Example/Chapter_7_code/devel/share/common-lisp/ros/hector_uav_msgs/msg/RawRC.lisp
Symlinking /home/liudiyang1998/Git/ROS-Robotics-By-Example/Chapter_7_code/devel/share/common-lisp/ros/hector_uav_msgs/msg/_package_Supply.lisp
Symlinking /home/liudiyang1998/Git/ROS-Robotics-By-Example/Chapter_7_code/devel/share/common-lisp/ros/hector_uav_msgs/msg/PoseActionFeedback.lisp
Symlinking /home/liudiyang1998/Git/ROS-Robotics-By-Example/Chapter_7_code/devel/share/common-lisp/ros/hector_uav_msgs/msg/MotorPWM.lisp
Symlinking /home/liudiyang1998/Git/ROS-Robotics-By-Example/Chapter_7_code/devel/share/common-lisp/ros/hector_uav_msgs/msg/TakeoffResult.lisp
Symlinking /home/liudiyang1998/Git/ROS-Robotics-By-Example/Chapter_7_code/devel/share/common-lisp/ros/hector_uav_msgs/msg/_package_TakeoffResult.lisp
Symlinking /home/liudiyang1998/Git/ROS-Robotics-By-Example/Chapter_7_code/devel/share/common-lisp/ros/hector_uav_msgs/msg/_package_ServoCommand.lisp
Symlinking /home/liudiyang1998/Git/ROS-Robotics-By-Example/Chapter_7_code/devel/share/common-lisp/ros/hector_uav_msgs/msg/HeadingCommand.lisp
Symlinking /home/liudiyang1998/Git/ROS-Robotics-By-Example/Chapter_7_code/devel/share/common-lisp/ros/hector_uav_msgs/msg/VelocityZCommand.lisp
Symlinking /home/liudiyang1998/Git/ROS-Robotics-By-Example/Chapter_7_code/devel/share/common-lisp/ros/hector_uav_msgs/msg/Supply.lisp
Symlinking /home/liudiyang1998/Git/ROS-Robotics-By-Example/Chapter_7_code/devel/share/common-lisp/ros/hector_uav_msgs/msg/_package_RawMagnetic.lisp
Symlinking /home/liudiyang1998/Git/ROS-Robotics-By-Example/Chapter_7_code/devel/share/common-lisp/ros/hector_uav_msgs/msg/AttitudeCommand.lisp
Symlinking /home/liudiyang1998/Git/ROS-Robotics-By-Example/Chapter_7_code/devel/share/common-lisp/ros/hector_uav_msgs/msg/_package_LandingActionResult.lisp
Symlinking /home/liudiyang1998/Git/ROS-Robotics-By-Example/Chapter_7_code/devel/share/common-lisp/ros/hector_uav_msgs/msg/_package_LandingActionFeedback.lisp
Symlinking /home/liudiyang1998/Git/ROS-Robotics-By-Example/Chapter_7_code/devel/share/common-lisp/ros/hector_uav_msgs/msg/MotorCommand.lisp
Symlinking /home/liudiyang1998/Git/ROS-Robotics-By-Example/Chapter_7_code/devel/share/common-lisp/ros/hector_uav_msgs/msg/_package_RC.lisp
Symlinking /home/liudiyang1998/Git/ROS-Robotics-By-Example/Chapter_7_code/devel/share/common-lisp/ros/hector_uav_msgs/msg/RawMagnetic.lisp
Symlinking /home/liudiyang1998/Git/ROS-Robotics-By-Example/Chapter_7_code/devel/share/common-lisp/ros/hector_uav_msgs/msg/Altimeter.lisp
Symlinking /home/liudiyang1998/Git/ROS-Robotics-By-Example/Chapter_7_code/devel/share/common-lisp/ros/hector_uav_msgs/msg/RawImu.lisp
Symlinking /home/liudiyang1998/Git/ROS-Robotics-By-Example/Chapter_7_code/devel/share/common-lisp/ros/hector_uav_msgs/msg/_package_LandingGoal.lisp
Symlinking /home/liudiyang1998/Git/ROS-Robotics-By-Example/Chapter_7_code/devel/share/common-lisp/ros/hector_uav_msgs/msg/_package_HeadingCommand.lisp
Symlinking /home/liudiyang1998/Git/ROS-Robotics-By-Example/Chapter_7_code/devel/share/common-lisp/ros/hector_uav_msgs/msg/_package_TakeoffGoal.lisp
Symlinking /home/liudiyang1998/Git/ROS-Robotics-By-Example/Chapter_7_code/devel/share/common-lisp/ros/hector_uav_msgs/msg/_package_PoseActionFeedback.lisp
Symlinking /home/liudiyang1998/Git/ROS-Robotics-By-Example/Chapter_7_code/devel/share/common-lisp/ros/hector_uav_msgs/msg/MotorStatus.lisp
Symlinking /home/liudiyang1998/Git/ROS-Robotics-By-Example/Chapter_7_code/devel/share/common-lisp/ros/hector_uav_msgs/msg/_package_PoseActionGoal.lisp
Symlinking /home/liudiyang1998/Git/ROS-Robotics-By-Example/Chapter_7_code/devel/share/common-lisp/ros/hector_uav_msgs/msg/_package_LandingFeedback.lisp
Symlinking /home/liudiyang1998/Git/ROS-Robotics-By-Example/Chapter_7_code/devel/share/common-lisp/ros/hector_uav_msgs/msg/PoseResult.lisp
Symlinking /home/liudiyang1998/Git/ROS-Robotics-By-Example/Chapter_7_code/devel/share/common-lisp/ros/hector_uav_msgs/msg/_package_ThrustCommand.lisp
Symlinking /home/liudiyang1998/Git/ROS-Robotics-By-Example/Chapter_7_code/devel/share/common-lisp/ros/hector_uav_msgs/msg/_package_RuddersCommand.lisp
Symlinking /home/liudiyang1998/Git/ROS-Robotics-By-Example/Chapter_7_code/devel/share/common-lisp/ros/hector_uav_msgs/msg/PoseActionResult.lisp
Symlinking /home/liudiyang1998/Git/ROS-Robotics-By-Example/Chapter_7_code/devel/share/common-lisp/ros/hector_uav_msgs/msg/ThrustCommand.lisp
Symlinking /home/liudiyang1998/Git/ROS-Robotics-By-Example/Chapter_7_code/devel/share/common-lisp/ros/hector_uav_msgs/msg/_package_Altimeter.lisp
Symlinking /home/liudiyang1998/Git/ROS-Robotics-By-Example/Chapter_7_code/devel/share/common-lisp/ros/hector_uav_msgs/msg/_package_PoseFeedback.lisp
Symlinking /home/liudiyang1998/Git/ROS-Robotics-By-Example/Chapter_7_code/devel/share/common-lisp/ros/hector_uav_msgs/msg/TakeoffAction.lisp
Symlinking /home/liudiyang1998/Git/ROS-Robotics-By-Example/Chapter_7_code/devel/share/common-lisp/ros/hector_uav_msgs/msg/PoseGoal.lisp
Symlinking /home/liudiyang1998/Git/ROS-Robotics-By-Example/Chapter_7_code/devel/share/common-lisp/ros/hector_uav_msgs/msg/_package_MotorPWM.lisp
Symlinking /home/liudiyang1998/Git/ROS-Robotics-By-Example/Chapter_7_code/devel/share/common-lisp/ros/hector_uav_msgs/msg/_package_PoseGoal.lisp
Symlinking /home/liudiyang1998/Git/ROS-Robotics-By-Example/Chapter_7_code/devel/share/common-lisp/ros/hector_uav_msgs/msg/_package_PositionXYCommand.lisp
Symlinking /home/liudiyang1998/Git/ROS-Robotics-By-Example/Chapter_7_code/devel/share/common-lisp/ros/hector_uav_msgs/msg/_package_TakeoffActionResult.lisp
Symlinking /home/liudiyang1998/Git/ROS-Robotics-By-Example/Chapter_7_code/devel/share/common-lisp/ros/hector_uav_msgs/msg/_package_VelocityZCommand.lisp
Symlinking /home/liudiyang1998/Git/ROS-Robotics-By-Example/Chapter_7_code/devel/share/common-lisp/ros/hector_uav_msgs/msg/_package_TakeoffAction.lisp
Symlinking /home/liudiyang1998/Git/ROS-Robotics-By-Example/Chapter_7_code/devel/share/common-lisp/ros/hector_uav_msgs/msg/TakeoffFeedback.lisp
Symlinking /home/liudiyang1998/Git/ROS-Robotics-By-Example/Chapter_7_code/devel/share/common-lisp/ros/hector_uav_msgs/msg/_package_MotorStatus.lisp
Symlinking /home/liudiyang1998/Git/ROS-Robotics-By-Example/Chapter_7_code/devel/share/common-lisp/ros/hector_uav_msgs/msg/LandingGoal.lisp
Symlinking /home/liudiyang1998/Git/ROS-Robotics-By-Example/Chapter_7_code/devel/share/common-lisp/ros/hector_uav_msgs/msg/_package_LandingActionGoal.lisp
Symlinking /home/liudiyang1998/Git/ROS-Robotics-By-Example/Chapter_7_code/devel/share/common-lisp/ros/hector_uav_msgs/msg/HeightCommand.lisp
Symlinking /home/liudiyang1998/Git/ROS-Robotics-By-Example/Chapter_7_code/devel/share/common-lisp/ros/hector_uav_msgs/msg/_package_MotorCommand.lisp
Symlinking /home/liudiyang1998/Git/ROS-Robotics-By-Example/Chapter_7_code/devel/share/common-lisp/ros/hector_uav_msgs/msg/_package_YawrateCommand.lisp
Symlinking /home/liudiyang1998/Git/ROS-Robotics-By-Example/Chapter_7_code/devel/share/common-lisp/ros/hector_uav_msgs/msg/LandingActionResult.lisp
Symlinking /home/liudiyang1998/Git/ROS-Robotics-By-Example/Chapter_7_code/devel/share/common-lisp/ros/hector_uav_msgs/msg/PoseAction.lisp
Symlinking /home/liudiyang1998/Git/ROS-Robotics-By-Example/Chapter_7_code/devel/share/common-lisp/ros/hector_uav_msgs/msg/_package_LandingAction.lisp
Symlinking /home/liudiyang1998/Git/ROS-Robotics-By-Example/Chapter_7_code/devel/share/common-lisp/ros/hector_uav_msgs/msg/_package_AttitudeCommand.lisp
Symlinking /home/liudiyang1998/Git/ROS-Robotics-By-Example/Chapter_7_code/devel/share/common-lisp/ros/hector_uav_msgs/msg/_package_TakeoffFeedback.lisp
Symlinking /home/liudiyang1998/Git/ROS-Robotics-By-Example/Chapter_7_code/devel/share/common-lisp/ros/hector_uav_msgs/msg/LandingFeedback.lisp
Symlinking /home/liudiyang1998/Git/ROS-Robotics-By-Example/Chapter_7_code/devel/share/common-lisp/ros/hector_uav_msgs/msg/_package_LandingResult.lisp
Symlinking /home/liudiyang1998/Git/ROS-Robotics-By-Example/Chapter_7_code/devel/share/common-lisp/ros/hector_uav_msgs/msg/_package_PoseResult.lisp
Symlinking /home/liudiyang1998/Git/ROS-Robotics-By-Example/Chapter_7_code/devel/share/common-lisp/ros/hector_uav_msgs/msg/TakeoffActionGoal.lisp
Symlinking /home/liudiyang1998/Git/ROS-Robotics-By-Example/Chapter_7_code/devel/share/common-lisp/ros/hector_uav_msgs/msg/ControllerState.lisp
Symlinking /home/liudiyang1998/Git/ROS-Robotics-By-Example/Chapter_7_code/devel/share/common-lisp/ros/hector_uav_msgs/msg/_package_PoseActionResult.lisp
Symlinking /home/liudiyang1998/Git/ROS-Robotics-By-Example/Chapter_7_code/devel/share/common-lisp/ros/hector_uav_msgs/msg/RuddersCommand.lisp
Symlinking /home/liudiyang1998/Git/ROS-Robotics-By-Example/Chapter_7_code/devel/share/common-lisp/ros/hector_uav_msgs/msg/_package_HeightCommand.lisp
Symlinking /home/liudiyang1998/Git/ROS-Robotics-By-Example/Chapter_7_code/devel/share/common-lisp/ros/hector_uav_msgs/msg/_package_RawRC.lisp
Symlinking /home/liudiyang1998/Git/ROS-Robotics-By-Example/Chapter_7_code/devel/share/common-lisp/ros/hector_uav_msgs/msg/hector_uav_msgs-msg.asd
Symlinking /home/liudiyang1998/Git/ROS-Robotics-By-Example/Chapter_7_code/devel/share/common-lisp/ros/hector_uav_msgs/msg/PoseActionGoal.lisp
Symlinking /home/liudiyang1998/Git/ROS-Robotics-By-Example/Chapter_7_code/devel/share/common-lisp/ros/hector_uav_msgs/msg/PoseFeedback.lisp
Symlinking /home/liudiyang1998/Git/ROS-Robotics-By-Example/Chapter_7_code/devel/share/common-lisp/ros/hector_uav_msgs/msg/_package_PoseAction.lisp
Symlinking /home/liudiyang1998/Git/ROS-Robotics-By-Example/Chapter_7_code/devel/share/common-lisp/ros/hector_uav_msgs/msg/ServoCommand.lisp
Symlinking /home/liudiyang1998/Git/ROS-Robotics-By-Example/Chapter_7_code/devel/share/common-lisp/ros/hector_uav_msgs/msg/LandingActionFeedback.lisp
Symlinking /home/liudiyang1998/Git/ROS-Robotics-By-Example/Chapter_7_code/devel/share/common-lisp/ros/hector_uav_msgs/msg/RC.lisp
Symlinking /home/liudiyang1998/Git/ROS-Robotics-By-Example/Chapter_7_code/devel/share/common-lisp/ros/hector_uav_msgs/msg/Compass.lisp
Symlinking /home/liudiyang1998/Git/ROS-Robotics-By-Example/Chapter_7_code/devel/share/common-lisp/ros/hector_uav_msgs/msg/_package_TakeoffActionFeedback.lisp
Symlinking /home/liudiyang1998/Git/ROS-Robotics-By-Example/Chapter_7_code/devel/share/common-lisp/ros/hector_uav_msgs/msg/_package_VelocityXYCommand.lisp
Symlinking /home/liudiyang1998/Git/ROS-Robotics-By-Example/Chapter_7_code/devel/share/common-lisp/ros/hector_uav_msgs/msg/LandingAction.lisp
Symlinking /home/liudiyang1998/Git/ROS-Robotics-By-Example/Chapter_7_code/devel/share/common-lisp/ros/hector_uav_msgs/msg/TakeoffActionFeedback.lisp
Symlinking /home/liudiyang1998/Git/ROS-Robotics-By-Example/Chapter_7_code/devel/share/common-lisp/ros/hector_uav_msgs/msg/VelocityXYCommand.lisp
Symlinking /home/liudiyang1998/Git/ROS-Robotics-By-Example/Chapter_7_code/devel/share/common-lisp/ros/hector_uav_msgs/msg/_package_RawImu.lisp
Symlinking /home/liudiyang1998/Git/ROS-Robotics-By-Example/Chapter_7_code/devel/share/common-lisp/ros/hector_uav_msgs/msg/TakeoffGoal.lisp
Symlinking /home/liudiyang1998/Git/ROS-Robotics-By-Example/Chapter_7_code/devel/share/common-lisp/ros/hector_uav_msgs/msg/YawrateCommand.lisp
Symlinking /home/liudiyang1998/Git/ROS-Robotics-By-Example/Chapter_7_code/devel/share/common-lisp/ros/hector_uav_msgs/msg/LandingResult.lisp
Symlinking /home/liudiyang1998/Git/ROS-Robotics-By-Example/Chapter_7_code/devel/share/common-lisp/ros/hector_uav_msgs/msg/_package.lisp
Symlinking /home/liudiyang1998/Git/ROS-Robotics-By-Example/Chapter_7_code/devel/share/common-lisp/ros/hector_uav_msgs/msg/_package_ControllerState.lisp
Symlinking /home/liudiyang1998/Git/ROS-Robotics-By-Example/Chapter_7_code/devel/share/common-lisp/ros/hector_uav_msgs/msg/LandingActionGoal.lisp
Symlinking /home/liudiyang1998/Git/ROS-Robotics-By-Example/Chapter_7_code/devel/share/common-lisp/ros/hector_uav_msgs/msg/_package_TakeoffActionGoal.lisp
Symlinking /home/liudiyang1998/Git/ROS-Robotics-By-Example/Chapter_7_code/devel/share/common-lisp/ros/hector_uav_msgs/msg/TakeoffActionResult.lisp
Symlinking /home/liudiyang1998/Git/ROS-Robotics-By-Example/Chapter_7_code/devel/share/common-lisp/ros/hector_uav_msgs/srv/hector_uav_msgs-srv.asd
Symlinking /home/liudiyang1998/Git/ROS-Robotics-By-Example/Chapter_7_code/devel/share/common-lisp/ros/hector_uav_msgs/srv/EnableMotors.lisp
Symlinking /home/liudiyang1998/Git/ROS-Robotics-By-Example/Chapter_7_code/devel/share/common-lisp/ros/hector_uav_msgs/srv/_package.lisp
Symlinking /home/liudiyang1998/Git/ROS-Robotics-By-Example/Chapter_7_code/devel/share/common-lisp/ros/hector_uav_msgs/srv/_package_EnableMotors.lisp
Symlinking /home/liudiyang1998/Git/ROS-Robotics-By-Example/Chapter_7_code/devel/share/gennodejs/ros/hector_uav_msgs/_index.js
Symlinking /home/liudiyang1998/Git/ROS-Robotics-By-Example/Chapter_7_code/devel/share/gennodejs/ros/hector_uav_msgs/msg/TakeoffGoal.js
Symlinking /home/liudiyang1998/Git/ROS-Robotics-By-Example/Chapter_7_code/devel/share/gennodejs/ros/hector_uav_msgs/msg/ServoCommand.js
Symlinking /home/liudiyang1998/Git/ROS-Robotics-By-Example/Chapter_7_code/devel/share/gennodejs/ros/hector_uav_msgs/msg/_index.js
Symlinking /home/liudiyang1998/Git/ROS-Robotics-By-Example/Chapter_7_code/devel/share/gennodejs/ros/hector_uav_msgs/msg/LandingAction.js
Symlinking /home/liudiyang1998/Git/ROS-Robotics-By-Example/Chapter_7_code/devel/share/gennodejs/ros/hector_uav_msgs/msg/RawRC.js
Symlinking /home/liudiyang1998/Git/ROS-Robotics-By-Example/Chapter_7_code/devel/share/gennodejs/ros/hector_uav_msgs/msg/AttitudeCommand.js
Symlinking /home/liudiyang1998/Git/ROS-Robotics-By-Example/Chapter_7_code/devel/share/gennodejs/ros/hector_uav_msgs/msg/ThrustCommand.js
Symlinking /home/liudiyang1998/Git/ROS-Robotics-By-Example/Chapter_7_code/devel/share/gennodejs/ros/hector_uav_msgs/msg/TakeoffAction.js
Symlinking /home/liudiyang1998/Git/ROS-Robotics-By-Example/Chapter_7_code/devel/share/gennodejs/ros/hector_uav_msgs/msg/VelocityZCommand.js
Symlinking /home/liudiyang1998/Git/ROS-Robotics-By-Example/Chapter_7_code/devel/share/gennodejs/ros/hector_uav_msgs/msg/TakeoffActionResult.js
Symlinking /home/liudiyang1998/Git/ROS-Robotics-By-Example/Chapter_7_code/devel/share/gennodejs/ros/hector_uav_msgs/msg/MotorStatus.js
Symlinking /home/liudiyang1998/Git/ROS-Robotics-By-Example/Chapter_7_code/devel/share/gennodejs/ros/hector_uav_msgs/msg/YawrateCommand.js
Symlinking /home/liudiyang1998/Git/ROS-Robotics-By-Example/Chapter_7_code/devel/share/gennodejs/ros/hector_uav_msgs/msg/TakeoffFeedback.js
Symlinking /home/liudiyang1998/Git/ROS-Robotics-By-Example/Chapter_7_code/devel/share/gennodejs/ros/hector_uav_msgs/msg/TakeoffActionFeedback.js
Symlinking /home/liudiyang1998/Git/ROS-Robotics-By-Example/Chapter_7_code/devel/share/gennodejs/ros/hector_uav_msgs/msg/PoseActionResult.js
Symlinking /home/liudiyang1998/Git/ROS-Robotics-By-Example/Chapter_7_code/devel/share/gennodejs/ros/hector_uav_msgs/msg/RC.js
Symlinking /home/liudiyang1998/Git/ROS-Robotics-By-Example/Chapter_7_code/devel/share/gennodejs/ros/hector_uav_msgs/msg/RuddersCommand.js
Symlinking /home/liudiyang1998/Git/ROS-Robotics-By-Example/Chapter_7_code/devel/share/gennodejs/ros/hector_uav_msgs/msg/LandingActionResult.js
Symlinking /home/liudiyang1998/Git/ROS-Robotics-By-Example/Chapter_7_code/devel/share/gennodejs/ros/hector_uav_msgs/msg/Altimeter.js
Symlinking /home/liudiyang1998/Git/ROS-Robotics-By-Example/Chapter_7_code/devel/share/gennodejs/ros/hector_uav_msgs/msg/MotorPWM.js
Symlinking /home/liudiyang1998/Git/ROS-Robotics-By-Example/Chapter_7_code/devel/share/gennodejs/ros/hector_uav_msgs/msg/TakeoffActionGoal.js
Symlinking /home/liudiyang1998/Git/ROS-Robotics-By-Example/Chapter_7_code/devel/share/gennodejs/ros/hector_uav_msgs/msg/PoseActionGoal.js
Symlinking /home/liudiyang1998/Git/ROS-Robotics-By-Example/Chapter_7_code/devel/share/gennodejs/ros/hector_uav_msgs/msg/HeadingCommand.js
Symlinking /home/liudiyang1998/Git/ROS-Robotics-By-Example/Chapter_7_code/devel/share/gennodejs/ros/hector_uav_msgs/msg/PoseResult.js
Symlinking /home/liudiyang1998/Git/ROS-Robotics-By-Example/Chapter_7_code/devel/share/gennodejs/ros/hector_uav_msgs/msg/ControllerState.js
Symlinking /home/liudiyang1998/Git/ROS-Robotics-By-Example/Chapter_7_code/devel/share/gennodejs/ros/hector_uav_msgs/msg/LandingGoal.js
Symlinking /home/liudiyang1998/Git/ROS-Robotics-By-Example/Chapter_7_code/devel/share/gennodejs/ros/hector_uav_msgs/msg/Compass.js
Symlinking /home/liudiyang1998/Git/ROS-Robotics-By-Example/Chapter_7_code/devel/share/gennodejs/ros/hector_uav_msgs/msg/RawMagnetic.js
Symlinking /home/liudiyang1998/Git/ROS-Robotics-By-Example/Chapter_7_code/devel/share/gennodejs/ros/hector_uav_msgs/msg/TakeoffResult.js
Symlinking /home/liudiyang1998/Git/ROS-Robotics-By-Example/Chapter_7_code/devel/share/gennodejs/ros/hector_uav_msgs/msg/PoseFeedback.js
Symlinking /home/liudiyang1998/Git/ROS-Robotics-By-Example/Chapter_7_code/devel/share/gennodejs/ros/hector_uav_msgs/msg/LandingActionGoal.js
Symlinking /home/liudiyang1998/Git/ROS-Robotics-By-Example/Chapter_7_code/devel/share/gennodejs/ros/hector_uav_msgs/msg/LandingActionFeedback.js
Symlinking /home/liudiyang1998/Git/ROS-Robotics-By-Example/Chapter_7_code/devel/share/gennodejs/ros/hector_uav_msgs/msg/PositionXYCommand.js
Symlinking /home/liudiyang1998/Git/ROS-Robotics-By-Example/Chapter_7_code/devel/share/gennodejs/ros/hector_uav_msgs/msg/PoseAction.js
Symlinking /home/liudiyang1998/Git/ROS-Robotics-By-Example/Chapter_7_code/devel/share/gennodejs/ros/hector_uav_msgs/msg/MotorCommand.js
Symlinking /home/liudiyang1998/Git/ROS-Robotics-By-Example/Chapter_7_code/devel/share/gennodejs/ros/hector_uav_msgs/msg/PoseActionFeedback.js
Symlinking /home/liudiyang1998/Git/ROS-Robotics-By-Example/Chapter_7_code/devel/share/gennodejs/ros/hector_uav_msgs/msg/LandingFeedback.js
Symlinking /home/liudiyang1998/Git/ROS-Robotics-By-Example/Chapter_7_code/devel/share/gennodejs/ros/hector_uav_msgs/msg/LandingResult.js
Symlinking /home/liudiyang1998/Git/ROS-Robotics-By-Example/Chapter_7_code/devel/share/gennodejs/ros/hector_uav_msgs/msg/HeightCommand.js
Symlinking /home/liudiyang1998/Git/ROS-Robotics-By-Example/Chapter_7_code/devel/share/gennodejs/ros/hector_uav_msgs/msg/RawImu.js
Symlinking /home/liudiyang1998/Git/ROS-Robotics-By-Example/Chapter_7_code/devel/share/gennodejs/ros/hector_uav_msgs/msg/VelocityXYCommand.js
Symlinking /home/liudiyang1998/Git/ROS-Robotics-By-Example/Chapter_7_code/devel/share/gennodejs/ros/hector_uav_msgs/msg/PoseGoal.js
Symlinking /home/liudiyang1998/Git/ROS-Robotics-By-Example/Chapter_7_code/devel/share/gennodejs/ros/hector_uav_msgs/msg/Supply.js
Symlinking /home/liudiyang1998/Git/ROS-Robotics-By-Example/Chapter_7_code/devel/share/gennodejs/ros/hector_uav_msgs/srv/EnableMotors.js
Symlinking /home/liudiyang1998/Git/ROS-Robotics-By-Example/Chapter_7_code/devel/share/gennodejs/ros/hector_uav_msgs/srv/_index.js
Symlinking /home/liudiyang1998/Git/ROS-Robotics-By-Example/Chapter_7_code/devel/include/hector_uav_msgs/YawrateCommand.h
Symlinking /home/liudiyang1998/Git/ROS-Robotics-By-Example/Chapter_7_code/devel/include/hector_uav_msgs/TakeoffActionFeedback.h
Symlinking /home/liudiyang1998/Git/ROS-Robotics-By-Example/Chapter_7_code/devel/include/hector_uav_msgs/HeightCommand.h
Symlinking /home/liudiyang1998/Git/ROS-Robotics-By-Example/Chapter_7_code/devel/include/hector_uav_msgs/Altimeter.h
Symlinking /home/liudiyang1998/Git/ROS-Robotics-By-Example/Chapter_7_code/devel/include/hector_uav_msgs/AttitudeCommand.h
Symlinking /home/liudiyang1998/Git/ROS-Robotics-By-Example/Chapter_7_code/devel/include/hector_uav_msgs/TakeoffResult.h
Symlinking /home/liudiyang1998/Git/ROS-Robotics-By-Example/Chapter_7_code/devel/include/hector_uav_msgs/TakeoffActionResult.h
Symlinking /home/liudiyang1998/Git/ROS-Robotics-By-Example/Chapter_7_code/devel/include/hector_uav_msgs/LandingFeedback.h
Symlinking /home/liudiyang1998/Git/ROS-Robotics-By-Example/Chapter_7_code/devel/include/hector_uav_msgs/MotorCommand.h
Symlinking /home/liudiyang1998/Git/ROS-Robotics-By-Example/Chapter_7_code/devel/include/hector_uav_msgs/TakeoffAction.h
Symlinking /home/liudiyang1998/Git/ROS-Robotics-By-Example/Chapter_7_code/devel/include/hector_uav_msgs/LandingActionResult.h
Symlinking /home/liudiyang1998/Git/ROS-Robotics-By-Example/Chapter_7_code/devel/include/hector_uav_msgs/LandingActionGoal.h
Symlinking /home/liudiyang1998/Git/ROS-Robotics-By-Example/Chapter_7_code/devel/include/hector_uav_msgs/PoseActionGoal.h
Symlinking /home/liudiyang1998/Git/ROS-Robotics-By-Example/Chapter_7_code/devel/include/hector_uav_msgs/PoseGoal.h
Symlinking /home/liudiyang1998/Git/ROS-Robotics-By-Example/Chapter_7_code/devel/include/hector_uav_msgs/LandingResult.h
Symlinking /home/liudiyang1998/Git/ROS-Robotics-By-Example/Chapter_7_code/devel/include/hector_uav_msgs/RawImu.h
Symlinking /home/liudiyang1998/Git/ROS-Robotics-By-Example/Chapter_7_code/devel/include/hector_uav_msgs/EnableMotorsResponse.h
Symlinking /home/liudiyang1998/Git/ROS-Robotics-By-Example/Chapter_7_code/devel/include/hector_uav_msgs/TakeoffGoal.h
Symlinking /home/liudiyang1998/Git/ROS-Robotics-By-Example/Chapter_7_code/devel/include/hector_uav_msgs/RuddersCommand.h
Symlinking /home/liudiyang1998/Git/ROS-Robotics-By-Example/Chapter_7_code/devel/include/hector_uav_msgs/LandingGoal.h
Symlinking /home/liudiyang1998/Git/ROS-Robotics-By-Example/Chapter_7_code/devel/include/hector_uav_msgs/HeadingCommand.h
Symlinking /home/liudiyang1998/Git/ROS-Robotics-By-Example/Chapter_7_code/devel/include/hector_uav_msgs/Supply.h
Symlinking /home/liudiyang1998/Git/ROS-Robotics-By-Example/Chapter_7_code/devel/include/hector_uav_msgs/LandingAction.h
Symlinking /home/liudiyang1998/Git/ROS-Robotics-By-Example/Chapter_7_code/devel/include/hector_uav_msgs/PoseResult.h
Symlinking /home/liudiyang1998/Git/ROS-Robotics-By-Example/Chapter_7_code/devel/include/hector_uav_msgs/EnableMotors.h
Symlinking /home/liudiyang1998/Git/ROS-Robotics-By-Example/Chapter_7_code/devel/include/hector_uav_msgs/EnableMotorsRequest.h
Symlinking /home/liudiyang1998/Git/ROS-Robotics-By-Example/Chapter_7_code/devel/include/hector_uav_msgs/RawRC.h
Symlinking /home/liudiyang1998/Git/ROS-Robotics-By-Example/Chapter_7_code/devel/include/hector_uav_msgs/ControllerState.h
Symlinking /home/liudiyang1998/Git/ROS-Robotics-By-Example/Chapter_7_code/devel/include/hector_uav_msgs/PositionXYCommand.h
Symlinking /home/liudiyang1998/Git/ROS-Robotics-By-Example/Chapter_7_code/devel/include/hector_uav_msgs/RawMagnetic.h
Symlinking /home/liudiyang1998/Git/ROS-Robotics-By-Example/Chapter_7_code/devel/include/hector_uav_msgs/PoseActionResult.h
Symlinking /home/liudiyang1998/Git/ROS-Robotics-By-Example/Chapter_7_code/devel/include/hector_uav_msgs/TakeoffFeedback.h
Symlinking /home/liudiyang1998/Git/ROS-Robotics-By-Example/Chapter_7_code/devel/include/hector_uav_msgs/TakeoffActionGoal.h
Symlinking /home/liudiyang1998/Git/ROS-Robotics-By-Example/Chapter_7_code/devel/include/hector_uav_msgs/Compass.h
Symlinking /home/liudiyang1998/Git/ROS-Robotics-By-Example/Chapter_7_code/devel/include/hector_uav_msgs/VelocityXYCommand.h
Symlinking /home/liudiyang1998/Git/ROS-Robotics-By-Example/Chapter_7_code/devel/include/hector_uav_msgs/PoseAction.h
Symlinking /home/liudiyang1998/Git/ROS-Robotics-By-Example/Chapter_7_code/devel/include/hector_uav_msgs/ServoCommand.h
Symlinking /home/liudiyang1998/Git/ROS-Robotics-By-Example/Chapter_7_code/devel/include/hector_uav_msgs/PoseFeedback.h
Symlinking /home/liudiyang1998/Git/ROS-Robotics-By-Example/Chapter_7_code/devel/include/hector_uav_msgs/VelocityZCommand.h
Symlinking /home/liudiyang1998/Git/ROS-Robotics-By-Example/Chapter_7_code/devel/include/hector_uav_msgs/ThrustCommand.h
Symlinking /home/liudiyang1998/Git/ROS-Robotics-By-Example/Chapter_7_code/devel/include/hector_uav_msgs/LandingActionFeedback.h
Symlinking /home/liudiyang1998/Git/ROS-Robotics-By-Example/Chapter_7_code/devel/include/hector_uav_msgs/PoseActionFeedback.h
Symlinking /home/liudiyang1998/Git/ROS-Robotics-By-Example/Chapter_7_code/devel/include/hector_uav_msgs/MotorPWM.h
Symlinking /home/liudiyang1998/Git/ROS-Robotics-By-Example/Chapter_7_code/devel/include/hector_uav_msgs/RC.h
Symlinking /home/liudiyang1998/Git/ROS-Robotics-By-Example/Chapter_7_code/devel/include/hector_uav_msgs/MotorStatus.h
Symlinking /home/liudiyang1998/Git/ROS-Robotics-By-Example/Chapter_7_code/devel/lib/python2.7/dist-packages/hector_uav_msgs/__init__.py
Symlinking /home/liudiyang1998/Git/ROS-Robotics-By-Example/Chapter_7_code/devel/lib/python2.7/dist-packages/hector_uav_msgs/msg/_LandingResult.py
Symlinking /home/liudiyang1998/Git/ROS-Robotics-By-Example/Chapter_7_code/devel/lib/python2.7/dist-packages/hector_uav_msgs/msg/_ThrustCommand.py
Symlinking /home/liudiyang1998/Git/ROS-Robotics-By-Example/Chapter_7_code/devel/lib/python2.7/dist-packages/hector_uav_msgs/msg/_Altimeter.py
Symlinking /home/liudiyang1998/Git/ROS-Robotics-By-Example/Chapter_7_code/devel/lib/python2.7/dist-packages/hector_uav_msgs/msg/_VelocityXYCommand.py
Symlinking /home/liudiyang1998/Git/ROS-Robotics-By-Example/Chapter_7_code/devel/lib/python2.7/dist-packages/hector_uav_msgs/msg/_LandingGoal.py
Symlinking /home/liudiyang1998/Git/ROS-Robotics-By-Example/Chapter_7_code/devel/lib/python2.7/dist-packages/hector_uav_msgs/msg/_LandingFeedback.py
Symlinking /home/liudiyang1998/Git/ROS-Robotics-By-Example/Chapter_7_code/devel/lib/python2.7/dist-packages/hector_uav_msgs/msg/_RawRC.py
Symlinking /home/liudiyang1998/Git/ROS-Robotics-By-Example/Chapter_7_code/devel/lib/python2.7/dist-packages/hector_uav_msgs/msg/_LandingActionFeedback.py
Symlinking /home/liudiyang1998/Git/ROS-Robotics-By-Example/Chapter_7_code/devel/lib/python2.7/dist-packages/hector_uav_msgs/msg/_AttitudeCommand.py
Symlinking /home/liudiyang1998/Git/ROS-Robotics-By-Example/Chapter_7_code/devel/lib/python2.7/dist-packages/hector_uav_msgs/msg/_ServoCommand.py
Symlinking /home/liudiyang1998/Git/ROS-Robotics-By-Example/Chapter_7_code/devel/lib/python2.7/dist-packages/hector_uav_msgs/msg/_YawrateCommand.py
Symlinking /home/liudiyang1998/Git/ROS-Robotics-By-Example/Chapter_7_code/devel/lib/python2.7/dist-packages/hector_uav_msgs/msg/_RawImu.py
Symlinking /home/liudiyang1998/Git/ROS-Robotics-By-Example/Chapter_7_code/devel/lib/python2.7/dist-packages/hector_uav_msgs/msg/_LandingActionResult.py
Symlinking /home/liudiyang1998/Git/ROS-Robotics-By-Example/Chapter_7_code/devel/lib/python2.7/dist-packages/hector_uav_msgs/msg/_MotorPWM.py
Symlinking /home/liudiyang1998/Git/ROS-Robotics-By-Example/Chapter_7_code/devel/lib/python2.7/dist-packages/hector_uav_msgs/msg/_TakeoffResult.py
Symlinking /home/liudiyang1998/Git/ROS-Robotics-By-Example/Chapter_7_code/devel/lib/python2.7/dist-packages/hector_uav_msgs/msg/_LandingActionGoal.py
Symlinking /home/liudiyang1998/Git/ROS-Robotics-By-Example/Chapter_7_code/devel/lib/python2.7/dist-packages/hector_uav_msgs/msg/_PoseActionGoal.py
Symlinking /home/liudiyang1998/Git/ROS-Robotics-By-Example/Chapter_7_code/devel/lib/python2.7/dist-packages/hector_uav_msgs/msg/_PoseActionFeedback.py
Symlinking /home/liudiyang1998/Git/ROS-Robotics-By-Example/Chapter_7_code/devel/lib/python2.7/dist-packages/hector_uav_msgs/msg/__init__.py
Symlinking /home/liudiyang1998/Git/ROS-Robotics-By-Example/Chapter_7_code/devel/lib/python2.7/dist-packages/hector_uav_msgs/msg/_PoseResult.py
Symlinking /home/liudiyang1998/Git/ROS-Robotics-By-Example/Chapter_7_code/devel/lib/python2.7/dist-packages/hector_uav_msgs/msg/_TakeoffAction.py
Symlinking /home/liudiyang1998/Git/ROS-Robotics-By-Example/Chapter_7_code/devel/lib/python2.7/dist-packages/hector_uav_msgs/msg/_PoseGoal.py
Symlinking /home/liudiyang1998/Git/ROS-Robotics-By-Example/Chapter_7_code/devel/lib/python2.7/dist-packages/hector_uav_msgs/msg/_TakeoffActionGoal.py
Symlinking /home/liudiyang1998/Git/ROS-Robotics-By-Example/Chapter_7_code/devel/lib/python2.7/dist-packages/hector_uav_msgs/msg/_PoseAction.py
Symlinking /home/liudiyang1998/Git/ROS-Robotics-By-Example/Chapter_7_code/devel/lib/python2.7/dist-packages/hector_uav_msgs/msg/_MotorCommand.py
Symlinking /home/liudiyang1998/Git/ROS-Robotics-By-Example/Chapter_7_code/devel/lib/python2.7/dist-packages/hector_uav_msgs/msg/_TakeoffActionResult.py
Symlinking /home/liudiyang1998/Git/ROS-Robotics-By-Example/Chapter_7_code/devel/lib/python2.7/dist-packages/hector_uav_msgs/msg/_Compass.py
Symlinking /home/liudiyang1998/Git/ROS-Robotics-By-Example/Chapter_7_code/devel/lib/python2.7/dist-packages/hector_uav_msgs/msg/_RC.py
Symlinking /home/liudiyang1998/Git/ROS-Robotics-By-Example/Chapter_7_code/devel/lib/python2.7/dist-packages/hector_uav_msgs/msg/_MotorStatus.py
Symlinking /home/liudiyang1998/Git/ROS-Robotics-By-Example/Chapter_7_code/devel/lib/python2.7/dist-packages/hector_uav_msgs/msg/_TakeoffFeedback.py
Symlinking /home/liudiyang1998/Git/ROS-Robotics-By-Example/Chapter_7_code/devel/lib/python2.7/dist-packages/hector_uav_msgs/msg/_RawMagnetic.py
Symlinking /home/liudiyang1998/Git/ROS-Robotics-By-Example/Chapter_7_code/devel/lib/python2.7/dist-packages/hector_uav_msgs/msg/_RuddersCommand.py
Symlinking /home/liudiyang1998/Git/ROS-Robotics-By-Example/Chapter_7_code/devel/lib/python2.7/dist-packages/hector_uav_msgs/msg/_PositionXYCommand.py
Symlinking /home/liudiyang1998/Git/ROS-Robotics-By-Example/Chapter_7_code/devel/lib/python2.7/dist-packages/hector_uav_msgs/msg/_TakeoffActionFeedback.py
Symlinking /home/liudiyang1998/Git/ROS-Robotics-By-Example/Chapter_7_code/devel/lib/python2.7/dist-packages/hector_uav_msgs/msg/_VelocityZCommand.py
Symlinking /home/liudiyang1998/Git/ROS-Robotics-By-Example/Chapter_7_code/devel/lib/python2.7/dist-packages/hector_uav_msgs/msg/_PoseActionResult.py
Symlinking /home/liudiyang1998/Git/ROS-Robotics-By-Example/Chapter_7_code/devel/lib/python2.7/dist-packages/hector_uav_msgs/msg/_ControllerState.py
Symlinking /home/liudiyang1998/Git/ROS-Robotics-By-Example/Chapter_7_code/devel/lib/python2.7/dist-packages/hector_uav_msgs/msg/_HeadingCommand.py
Symlinking /home/liudiyang1998/Git/ROS-Robotics-By-Example/Chapter_7_code/devel/lib/python2.7/dist-packages/hector_uav_msgs/msg/_Supply.py
Symlinking /home/liudiyang1998/Git/ROS-Robotics-By-Example/Chapter_7_code/devel/lib/python2.7/dist-packages/hector_uav_msgs/msg/_HeightCommand.py
Symlinking /home/liudiyang1998/Git/ROS-Robotics-By-Example/Chapter_7_code/devel/lib/python2.7/dist-packages/hector_uav_msgs/msg/_LandingAction.py
Symlinking /home/liudiyang1998/Git/ROS-Robotics-By-Example/Chapter_7_code/devel/lib/python2.7/dist-packages/hector_uav_msgs/msg/_TakeoffGoal.py
Symlinking /home/liudiyang1998/Git/ROS-Robotics-By-Example/Chapter_7_code/devel/lib/python2.7/dist-packages/hector_uav_msgs/msg/_PoseFeedback.py
Symlinking /home/liudiyang1998/Git/ROS-Robotics-By-Example/Chapter_7_code/devel/lib/python2.7/dist-packages/hector_uav_msgs/srv/_EnableMotors.py
Symlinking /home/liudiyang1998/Git/ROS-Robotics-By-Example/Chapter_7_code/devel/lib/python2.7/dist-packages/hector_uav_msgs/srv/__init__.py
Symlinking /home/liudiyang1998/Git/ROS-Robotics-By-Example/Chapter_7_code/devel/lib/pkgconfig/hector_uav_msgs.pc
