Determining if the pthread_create exist failed with the following output:
Change Dir: /home/liudiyang1998/Git/ROS-Robotics-By-Example/Chapter_7_code/build/hector_quadrotor_interface/CMakeFiles/CMakeTmp

Run Build Command:"/usr/bin/make" "cmTC_66dde/fast"
/usr/bin/make -f CMakeFiles/cmTC_66dde.dir/build.make CMakeFiles/cmTC_66dde.dir/build
make[1]: Entering directory '/home/liudiyang1998/Git/ROS-Robotics-By-Example/Chapter_7_code/build/hector_quadrotor_interface/CMakeFiles/CMakeTmp'
Building C object CMakeFiles/cmTC_66dde.dir/CheckSymbolExists.c.o
/usr/bin/cc    -o CMakeFiles/cmTC_66dde.dir/CheckSymbolExists.c.o   -c /home/liudiyang1998/Git/ROS-Robotics-By-Example/Chapter_7_code/build/hector_quadrotor_interface/CMakeFiles/CMakeTmp/CheckSymbolExists.c
Linking C executable cmTC_66dde
/usr/bin/cmake -E cmake_link_script CMakeFiles/cmTC_66dde.dir/link.txt --verbose=1
/usr/bin/cc      -rdynamic CMakeFiles/cmTC_66dde.dir/CheckSymbolExists.c.o  -o cmTC_66dde 
CMakeFiles/cmTC_66dde.dir/CheckSymbolExists.c.o: In function `main':
CheckSymbolExists.c:(.text+0x1b): undefined reference to `pthread_create'
collect2: error: ld returned 1 exit status
CMakeFiles/cmTC_66dde.dir/build.make:97: recipe for target 'cmTC_66dde' failed
make[1]: *** [cmTC_66dde] Error 1
make[1]: Leaving directory '/home/liudiyang1998/Git/ROS-Robotics-By-Example/Chapter_7_code/build/hector_quadrotor_interface/CMakeFiles/CMakeTmp'
Makefile:126: recipe for target 'cmTC_66dde/fast' failed
make: *** [cmTC_66dde/fast] Error 2

File /home/liudiyang1998/Git/ROS-Robotics-By-Example/Chapter_7_code/build/hector_quadrotor_interface/CMakeFiles/CMakeTmp/CheckSymbolExists.c:
/* */
#include <pthread.h>

int main(int argc, char** argv)
{
  (void)argv;
#ifndef pthread_create
  return ((int*)(&pthread_create))[argc];
#else
  (void)argc;
  return 0;
#endif
}

Determining if the function pthread_create exists in the pthreads failed with the following output:
Change Dir: /home/liudiyang1998/Git/ROS-Robotics-By-Example/Chapter_7_code/build/hector_quadrotor_interface/CMakeFiles/CMakeTmp

Run Build Command:"/usr/bin/make" "cmTC_c41b5/fast"
/usr/bin/make -f CMakeFiles/cmTC_c41b5.dir/build.make CMakeFiles/cmTC_c41b5.dir/build
make[1]: Entering directory '/home/liudiyang1998/Git/ROS-Robotics-By-Example/Chapter_7_code/build/hector_quadrotor_interface/CMakeFiles/CMakeTmp'
Building C object CMakeFiles/cmTC_c41b5.dir/CheckFunctionExists.c.o
/usr/bin/cc   -DCHECK_FUNCTION_EXISTS=pthread_create   -o CMakeFiles/cmTC_c41b5.dir/CheckFunctionExists.c.o   -c /usr/share/cmake-3.10/Modules/CheckFunctionExists.c
Linking C executable cmTC_c41b5
/usr/bin/cmake -E cmake_link_script CMakeFiles/cmTC_c41b5.dir/link.txt --verbose=1
/usr/bin/cc  -DCHECK_FUNCTION_EXISTS=pthread_create    -rdynamic CMakeFiles/cmTC_c41b5.dir/CheckFunctionExists.c.o  -o cmTC_c41b5 -lpthreads 
/usr/bin/ld: cannot find -lpthreads
collect2: error: ld returned 1 exit status
CMakeFiles/cmTC_c41b5.dir/build.make:97: recipe for target 'cmTC_c41b5' failed
make[1]: *** [cmTC_c41b5] Error 1
make[1]: Leaving directory '/home/liudiyang1998/Git/ROS-Robotics-By-Example/Chapter_7_code/build/hector_quadrotor_interface/CMakeFiles/CMakeTmp'
Makefile:126: recipe for target 'cmTC_c41b5/fast' failed
make: *** [cmTC_c41b5/fast] Error 2


