Determining if the pthread_create exist failed with the following output:
Change Dir: /home/liudiyang1998/Git/ROS-Robotics-By-Example/Chapter_7_code/build/hector_quadrotor_gazebo_plugins/CMakeFiles/CMakeTmp

Run Build Command:"/usr/bin/make" "cmTC_26ca1/fast"
/usr/bin/make -f CMakeFiles/cmTC_26ca1.dir/build.make CMakeFiles/cmTC_26ca1.dir/build
make[1]: Entering directory '/home/liudiyang1998/Git/ROS-Robotics-By-Example/Chapter_7_code/build/hector_quadrotor_gazebo_plugins/CMakeFiles/CMakeTmp'
Building C object CMakeFiles/cmTC_26ca1.dir/CheckSymbolExists.c.o
/usr/bin/cc    -o CMakeFiles/cmTC_26ca1.dir/CheckSymbolExists.c.o   -c /home/liudiyang1998/Git/ROS-Robotics-By-Example/Chapter_7_code/build/hector_quadrotor_gazebo_plugins/CMakeFiles/CMakeTmp/CheckSymbolExists.c
Linking C executable cmTC_26ca1
/usr/bin/cmake -E cmake_link_script CMakeFiles/cmTC_26ca1.dir/link.txt --verbose=1
/usr/bin/cc      -rdynamic CMakeFiles/cmTC_26ca1.dir/CheckSymbolExists.c.o  -o cmTC_26ca1 
CMakeFiles/cmTC_26ca1.dir/CheckSymbolExists.c.o: In function `main':
CheckSymbolExists.c:(.text+0x1b): undefined reference to `pthread_create'
collect2: error: ld returned 1 exit status
CMakeFiles/cmTC_26ca1.dir/build.make:97: recipe for target 'cmTC_26ca1' failed
make[1]: *** [cmTC_26ca1] Error 1
make[1]: Leaving directory '/home/liudiyang1998/Git/ROS-Robotics-By-Example/Chapter_7_code/build/hector_quadrotor_gazebo_plugins/CMakeFiles/CMakeTmp'
Makefile:126: recipe for target 'cmTC_26ca1/fast' failed
make: *** [cmTC_26ca1/fast] Error 2

File /home/liudiyang1998/Git/ROS-Robotics-By-Example/Chapter_7_code/build/hector_quadrotor_gazebo_plugins/CMakeFiles/CMakeTmp/CheckSymbolExists.c:
/* */
#include <pthread.h>

int main(int argc, char** argv)
{
  (void)argv;
#ifndef pthread_create
  return ((int*)(&pthread_create))[argc];
#else
  (void)argc;
  return 0;
#endif
}

Determining if the function pthread_create exists in the pthreads failed with the following output:
Change Dir: /home/liudiyang1998/Git/ROS-Robotics-By-Example/Chapter_7_code/build/hector_quadrotor_gazebo_plugins/CMakeFiles/CMakeTmp

Run Build Command:"/usr/bin/make" "cmTC_ecbed/fast"
/usr/bin/make -f CMakeFiles/cmTC_ecbed.dir/build.make CMakeFiles/cmTC_ecbed.dir/build
make[1]: Entering directory '/home/liudiyang1998/Git/ROS-Robotics-By-Example/Chapter_7_code/build/hector_quadrotor_gazebo_plugins/CMakeFiles/CMakeTmp'
Building C object CMakeFiles/cmTC_ecbed.dir/CheckFunctionExists.c.o
/usr/bin/cc   -DCHECK_FUNCTION_EXISTS=pthread_create   -o CMakeFiles/cmTC_ecbed.dir/CheckFunctionExists.c.o   -c /usr/share/cmake-3.10/Modules/CheckFunctionExists.c
Linking C executable cmTC_ecbed
/usr/bin/cmake -E cmake_link_script CMakeFiles/cmTC_ecbed.dir/link.txt --verbose=1
/usr/bin/cc  -DCHECK_FUNCTION_EXISTS=pthread_create    -rdynamic CMakeFiles/cmTC_ecbed.dir/CheckFunctionExists.c.o  -o cmTC_ecbed -lpthreads 
/usr/bin/ld: cannot find -lpthreads
collect2: error: ld returned 1 exit status
CMakeFiles/cmTC_ecbed.dir/build.make:97: recipe for target 'cmTC_ecbed' failed
make[1]: *** [cmTC_ecbed] Error 1
make[1]: Leaving directory '/home/liudiyang1998/Git/ROS-Robotics-By-Example/Chapter_7_code/build/hector_quadrotor_gazebo_plugins/CMakeFiles/CMakeTmp'
Makefile:126: recipe for target 'cmTC_ecbed/fast' failed
make: *** [cmTC_ecbed/fast] Error 2


