Determining if the pthread_create exist failed with the following output:
Change Dir: /home/liudiyang1998/Git/ROS-Robotics-By-Example/Chapter_3_code/build/turtlebot3_gazebo/CMakeFiles/CMakeTmp

Run Build Command:"/usr/bin/make" "cmTC_5ed0e/fast"
/usr/bin/make -f CMakeFiles/cmTC_5ed0e.dir/build.make CMakeFiles/cmTC_5ed0e.dir/build
make[1]: Entering directory '/home/liudiyang1998/Git/ROS-Robotics-By-Example/Chapter_3_code/build/turtlebot3_gazebo/CMakeFiles/CMakeTmp'
Building C object CMakeFiles/cmTC_5ed0e.dir/CheckSymbolExists.c.o
/usr/bin/cc    -o CMakeFiles/cmTC_5ed0e.dir/CheckSymbolExists.c.o   -c /home/liudiyang1998/Git/ROS-Robotics-By-Example/Chapter_3_code/build/turtlebot3_gazebo/CMakeFiles/CMakeTmp/CheckSymbolExists.c
Linking C executable cmTC_5ed0e
/usr/bin/cmake -E cmake_link_script CMakeFiles/cmTC_5ed0e.dir/link.txt --verbose=1
/usr/bin/cc      -rdynamic CMakeFiles/cmTC_5ed0e.dir/CheckSymbolExists.c.o  -o cmTC_5ed0e 
CMakeFiles/cmTC_5ed0e.dir/CheckSymbolExists.c.o: In function `main':
CheckSymbolExists.c:(.text+0x1b): undefined reference to `pthread_create'
collect2: error: ld returned 1 exit status
CMakeFiles/cmTC_5ed0e.dir/build.make:97: recipe for target 'cmTC_5ed0e' failed
make[1]: *** [cmTC_5ed0e] Error 1
make[1]: Leaving directory '/home/liudiyang1998/Git/ROS-Robotics-By-Example/Chapter_3_code/build/turtlebot3_gazebo/CMakeFiles/CMakeTmp'
Makefile:126: recipe for target 'cmTC_5ed0e/fast' failed
make: *** [cmTC_5ed0e/fast] Error 2

File /home/liudiyang1998/Git/ROS-Robotics-By-Example/Chapter_3_code/build/turtlebot3_gazebo/CMakeFiles/CMakeTmp/CheckSymbolExists.c:
/* */
#include <pthread.h>

int main(int argc, char** argv)
{
  (void)argv;
#ifndef pthread_create
  return ((int*)(&pthread_create))[argc];
#else
  (void)argc;
  return 0;
#endif
}

Determining if the function pthread_create exists in the pthreads failed with the following output:
Change Dir: /home/liudiyang1998/Git/ROS-Robotics-By-Example/Chapter_3_code/build/turtlebot3_gazebo/CMakeFiles/CMakeTmp

Run Build Command:"/usr/bin/make" "cmTC_f738b/fast"
/usr/bin/make -f CMakeFiles/cmTC_f738b.dir/build.make CMakeFiles/cmTC_f738b.dir/build
make[1]: Entering directory '/home/liudiyang1998/Git/ROS-Robotics-By-Example/Chapter_3_code/build/turtlebot3_gazebo/CMakeFiles/CMakeTmp'
Building C object CMakeFiles/cmTC_f738b.dir/CheckFunctionExists.c.o
/usr/bin/cc   -DCHECK_FUNCTION_EXISTS=pthread_create   -o CMakeFiles/cmTC_f738b.dir/CheckFunctionExists.c.o   -c /usr/share/cmake-3.10/Modules/CheckFunctionExists.c
Linking C executable cmTC_f738b
/usr/bin/cmake -E cmake_link_script CMakeFiles/cmTC_f738b.dir/link.txt --verbose=1
/usr/bin/cc  -DCHECK_FUNCTION_EXISTS=pthread_create    -rdynamic CMakeFiles/cmTC_f738b.dir/CheckFunctionExists.c.o  -o cmTC_f738b -lpthreads 
/usr/bin/ld: cannot find -lpthreads
collect2: error: ld returned 1 exit status
CMakeFiles/cmTC_f738b.dir/build.make:97: recipe for target 'cmTC_f738b' failed
make[1]: *** [cmTC_f738b] Error 1
make[1]: Leaving directory '/home/liudiyang1998/Git/ROS-Robotics-By-Example/Chapter_3_code/build/turtlebot3_gazebo/CMakeFiles/CMakeTmp'
Makefile:126: recipe for target 'cmTC_f738b/fast' failed
make: *** [cmTC_f738b/fast] Error 2


