Determining if the pthread_create exist failed with the following output:
Change Dir: /home/liudiyang1998/Git/ROS-Robotics-By-Example/Chapter_7_code/build/message_to_tf/CMakeFiles/CMakeTmp

Run Build Command:"/usr/bin/make" "cmTC_090f7/fast"
/usr/bin/make -f CMakeFiles/cmTC_090f7.dir/build.make CMakeFiles/cmTC_090f7.dir/build
make[1]: Entering directory '/home/liudiyang1998/Git/ROS-Robotics-By-Example/Chapter_7_code/build/message_to_tf/CMakeFiles/CMakeTmp'
Building C object CMakeFiles/cmTC_090f7.dir/CheckSymbolExists.c.o
/usr/bin/cc    -o CMakeFiles/cmTC_090f7.dir/CheckSymbolExists.c.o   -c /home/liudiyang1998/Git/ROS-Robotics-By-Example/Chapter_7_code/build/message_to_tf/CMakeFiles/CMakeTmp/CheckSymbolExists.c
Linking C executable cmTC_090f7
/usr/bin/cmake -E cmake_link_script CMakeFiles/cmTC_090f7.dir/link.txt --verbose=1
/usr/bin/cc      -rdynamic CMakeFiles/cmTC_090f7.dir/CheckSymbolExists.c.o  -o cmTC_090f7 
CMakeFiles/cmTC_090f7.dir/CheckSymbolExists.c.o: In function `main':
CheckSymbolExists.c:(.text+0x1b): undefined reference to `pthread_create'
collect2: error: ld returned 1 exit status
CMakeFiles/cmTC_090f7.dir/build.make:97: recipe for target 'cmTC_090f7' failed
make[1]: *** [cmTC_090f7] Error 1
make[1]: Leaving directory '/home/liudiyang1998/Git/ROS-Robotics-By-Example/Chapter_7_code/build/message_to_tf/CMakeFiles/CMakeTmp'
Makefile:126: recipe for target 'cmTC_090f7/fast' failed
make: *** [cmTC_090f7/fast] Error 2

File /home/liudiyang1998/Git/ROS-Robotics-By-Example/Chapter_7_code/build/message_to_tf/CMakeFiles/CMakeTmp/CheckSymbolExists.c:
/* */
#include <pthread.h>

int main(int argc, char** argv)
{
  (void)argv;
#ifndef pthread_create
  return ((int*)(&pthread_create))[argc];
#else
  (void)argc;
  return 0;
#endif
}

Determining if the function pthread_create exists in the pthreads failed with the following output:
Change Dir: /home/liudiyang1998/Git/ROS-Robotics-By-Example/Chapter_7_code/build/message_to_tf/CMakeFiles/CMakeTmp

Run Build Command:"/usr/bin/make" "cmTC_fe954/fast"
/usr/bin/make -f CMakeFiles/cmTC_fe954.dir/build.make CMakeFiles/cmTC_fe954.dir/build
make[1]: Entering directory '/home/liudiyang1998/Git/ROS-Robotics-By-Example/Chapter_7_code/build/message_to_tf/CMakeFiles/CMakeTmp'
Building C object CMakeFiles/cmTC_fe954.dir/CheckFunctionExists.c.o
/usr/bin/cc   -DCHECK_FUNCTION_EXISTS=pthread_create   -o CMakeFiles/cmTC_fe954.dir/CheckFunctionExists.c.o   -c /usr/share/cmake-3.10/Modules/CheckFunctionExists.c
Linking C executable cmTC_fe954
/usr/bin/cmake -E cmake_link_script CMakeFiles/cmTC_fe954.dir/link.txt --verbose=1
/usr/bin/cc  -DCHECK_FUNCTION_EXISTS=pthread_create    -rdynamic CMakeFiles/cmTC_fe954.dir/CheckFunctionExists.c.o  -o cmTC_fe954 -lpthreads 
/usr/bin/ld: cannot find -lpthreads
collect2: error: ld returned 1 exit status
CMakeFiles/cmTC_fe954.dir/build.make:97: recipe for target 'cmTC_fe954' failed
make[1]: *** [cmTC_fe954] Error 1
make[1]: Leaving directory '/home/liudiyang1998/Git/ROS-Robotics-By-Example/Chapter_7_code/build/message_to_tf/CMakeFiles/CMakeTmp'
Makefile:126: recipe for target 'cmTC_fe954/fast' failed
make: *** [cmTC_fe954/fast] Error 2


