Determining if the pthread_create exist failed with the following output:
Change Dir: /home/liudiyang1998/Git/ROS-Robotics-By-Example/Chapter_7_code/build/hector_map_tools/CMakeFiles/CMakeTmp

Run Build Command:"/usr/bin/make" "cmTC_4e34a/fast"
/usr/bin/make -f CMakeFiles/cmTC_4e34a.dir/build.make CMakeFiles/cmTC_4e34a.dir/build
make[1]: Entering directory '/home/liudiyang1998/Git/ROS-Robotics-By-Example/Chapter_7_code/build/hector_map_tools/CMakeFiles/CMakeTmp'
Building C object CMakeFiles/cmTC_4e34a.dir/CheckSymbolExists.c.o
/usr/bin/cc    -o CMakeFiles/cmTC_4e34a.dir/CheckSymbolExists.c.o   -c /home/liudiyang1998/Git/ROS-Robotics-By-Example/Chapter_7_code/build/hector_map_tools/CMakeFiles/CMakeTmp/CheckSymbolExists.c
Linking C executable cmTC_4e34a
/usr/bin/cmake -E cmake_link_script CMakeFiles/cmTC_4e34a.dir/link.txt --verbose=1
/usr/bin/cc      -rdynamic CMakeFiles/cmTC_4e34a.dir/CheckSymbolExists.c.o  -o cmTC_4e34a 
CMakeFiles/cmTC_4e34a.dir/CheckSymbolExists.c.o: In function `main':
CheckSymbolExists.c:(.text+0x1b): undefined reference to `pthread_create'
collect2: error: ld returned 1 exit status
CMakeFiles/cmTC_4e34a.dir/build.make:97: recipe for target 'cmTC_4e34a' failed
make[1]: *** [cmTC_4e34a] Error 1
make[1]: Leaving directory '/home/liudiyang1998/Git/ROS-Robotics-By-Example/Chapter_7_code/build/hector_map_tools/CMakeFiles/CMakeTmp'
Makefile:126: recipe for target 'cmTC_4e34a/fast' failed
make: *** [cmTC_4e34a/fast] Error 2

File /home/liudiyang1998/Git/ROS-Robotics-By-Example/Chapter_7_code/build/hector_map_tools/CMakeFiles/CMakeTmp/CheckSymbolExists.c:
/* */
#include <pthread.h>

int main(int argc, char** argv)
{
  (void)argv;
#ifndef pthread_create
  return ((int*)(&pthread_create))[argc];
#else
  (void)argc;
  return 0;
#endif
}

Determining if the function pthread_create exists in the pthreads failed with the following output:
Change Dir: /home/liudiyang1998/Git/ROS-Robotics-By-Example/Chapter_7_code/build/hector_map_tools/CMakeFiles/CMakeTmp

Run Build Command:"/usr/bin/make" "cmTC_1a35e/fast"
/usr/bin/make -f CMakeFiles/cmTC_1a35e.dir/build.make CMakeFiles/cmTC_1a35e.dir/build
make[1]: Entering directory '/home/liudiyang1998/Git/ROS-Robotics-By-Example/Chapter_7_code/build/hector_map_tools/CMakeFiles/CMakeTmp'
Building C object CMakeFiles/cmTC_1a35e.dir/CheckFunctionExists.c.o
/usr/bin/cc   -DCHECK_FUNCTION_EXISTS=pthread_create   -o CMakeFiles/cmTC_1a35e.dir/CheckFunctionExists.c.o   -c /usr/share/cmake-3.10/Modules/CheckFunctionExists.c
Linking C executable cmTC_1a35e
/usr/bin/cmake -E cmake_link_script CMakeFiles/cmTC_1a35e.dir/link.txt --verbose=1
/usr/bin/cc  -DCHECK_FUNCTION_EXISTS=pthread_create    -rdynamic CMakeFiles/cmTC_1a35e.dir/CheckFunctionExists.c.o  -o cmTC_1a35e -lpthreads 
/usr/bin/ld: cannot find -lpthreads
collect2: error: ld returned 1 exit status
CMakeFiles/cmTC_1a35e.dir/build.make:97: recipe for target 'cmTC_1a35e' failed
make[1]: *** [cmTC_1a35e] Error 1
make[1]: Leaving directory '/home/liudiyang1998/Git/ROS-Robotics-By-Example/Chapter_7_code/build/hector_map_tools/CMakeFiles/CMakeTmp'
Makefile:126: recipe for target 'cmTC_1a35e/fast' failed
make: *** [cmTC_1a35e/fast] Error 2


