Determining if the pthread_create exist failed with the following output:
Change Dir: /home/liudiyang1998/Git/ROS-Robotics-By-Example/Chapter_3_code/build/turtlebot3_fake/CMakeFiles/CMakeTmp

Run Build Command:"/usr/bin/make" "cmTC_a46eb/fast"
/usr/bin/make -f CMakeFiles/cmTC_a46eb.dir/build.make CMakeFiles/cmTC_a46eb.dir/build
make[1]: Entering directory '/home/liudiyang1998/Git/ROS-Robotics-By-Example/Chapter_3_code/build/turtlebot3_fake/CMakeFiles/CMakeTmp'
Building C object CMakeFiles/cmTC_a46eb.dir/CheckSymbolExists.c.o
/usr/bin/cc    -o CMakeFiles/cmTC_a46eb.dir/CheckSymbolExists.c.o   -c /home/liudiyang1998/Git/ROS-Robotics-By-Example/Chapter_3_code/build/turtlebot3_fake/CMakeFiles/CMakeTmp/CheckSymbolExists.c
Linking C executable cmTC_a46eb
/usr/bin/cmake -E cmake_link_script CMakeFiles/cmTC_a46eb.dir/link.txt --verbose=1
/usr/bin/cc      -rdynamic CMakeFiles/cmTC_a46eb.dir/CheckSymbolExists.c.o  -o cmTC_a46eb 
CMakeFiles/cmTC_a46eb.dir/CheckSymbolExists.c.o: In function `main':
CheckSymbolExists.c:(.text+0x1b): undefined reference to `pthread_create'
collect2: error: ld returned 1 exit status
CMakeFiles/cmTC_a46eb.dir/build.make:97: recipe for target 'cmTC_a46eb' failed
make[1]: *** [cmTC_a46eb] Error 1
make[1]: Leaving directory '/home/liudiyang1998/Git/ROS-Robotics-By-Example/Chapter_3_code/build/turtlebot3_fake/CMakeFiles/CMakeTmp'
Makefile:126: recipe for target 'cmTC_a46eb/fast' failed
make: *** [cmTC_a46eb/fast] Error 2

File /home/liudiyang1998/Git/ROS-Robotics-By-Example/Chapter_3_code/build/turtlebot3_fake/CMakeFiles/CMakeTmp/CheckSymbolExists.c:
/* */
#include <pthread.h>

int main(int argc, char** argv)
{
  (void)argv;
#ifndef pthread_create
  return ((int*)(&pthread_create))[argc];
#else
  (void)argc;
  return 0;
#endif
}

Determining if the function pthread_create exists in the pthreads failed with the following output:
Change Dir: /home/liudiyang1998/Git/ROS-Robotics-By-Example/Chapter_3_code/build/turtlebot3_fake/CMakeFiles/CMakeTmp

Run Build Command:"/usr/bin/make" "cmTC_ad2d8/fast"
/usr/bin/make -f CMakeFiles/cmTC_ad2d8.dir/build.make CMakeFiles/cmTC_ad2d8.dir/build
make[1]: Entering directory '/home/liudiyang1998/Git/ROS-Robotics-By-Example/Chapter_3_code/build/turtlebot3_fake/CMakeFiles/CMakeTmp'
Building C object CMakeFiles/cmTC_ad2d8.dir/CheckFunctionExists.c.o
/usr/bin/cc   -DCHECK_FUNCTION_EXISTS=pthread_create   -o CMakeFiles/cmTC_ad2d8.dir/CheckFunctionExists.c.o   -c /usr/share/cmake-3.10/Modules/CheckFunctionExists.c
Linking C executable cmTC_ad2d8
/usr/bin/cmake -E cmake_link_script CMakeFiles/cmTC_ad2d8.dir/link.txt --verbose=1
/usr/bin/cc  -DCHECK_FUNCTION_EXISTS=pthread_create    -rdynamic CMakeFiles/cmTC_ad2d8.dir/CheckFunctionExists.c.o  -o cmTC_ad2d8 -lpthreads 
/usr/bin/ld: cannot find -lpthreads
collect2: error: ld returned 1 exit status
CMakeFiles/cmTC_ad2d8.dir/build.make:97: recipe for target 'cmTC_ad2d8' failed
make[1]: *** [cmTC_ad2d8] Error 1
make[1]: Leaving directory '/home/liudiyang1998/Git/ROS-Robotics-By-Example/Chapter_3_code/build/turtlebot3_fake/CMakeFiles/CMakeTmp'
Makefile:126: recipe for target 'cmTC_ad2d8/fast' failed
make: *** [cmTC_ad2d8/fast] Error 2


