[  0%] Built target _hector_nav_msgs_generate_messages_check_deps_GetSearchPosition
[  0%] Built target std_msgs_generate_messages_cpp
[  0%] Built target nav_msgs_generate_messages_cpp
[  0%] Built target _hector_nav_msgs_generate_messages_check_deps_GetRecoveryInfo
[  0%] Built target _hector_nav_msgs_generate_messages_check_deps_GetNormal
[  0%] Built target _hector_nav_msgs_generate_messages_check_deps_GetRobotTrajectory
[  0%] Built target nav_msgs_generate_messages_nodejs
[  0%] Built target std_msgs_generate_messages_nodejs
[  0%] Built target _hector_nav_msgs_generate_messages_check_deps_GetDistanceToObstacle
[  0%] Built target std_msgs_generate_messages_lisp
[  0%] Built target nav_msgs_generate_messages_lisp
[  0%] Built target std_msgs_generate_messages_eus
[  0%] Built target nav_msgs_generate_messages_eus
[  0%] Built target nav_msgs_generate_messages_py
[  0%] Built target std_msgs_generate_messages_py
[ 18%] Built target hector_nav_msgs_generate_messages_cpp
[ 37%] Built target hector_nav_msgs_generate_messages_nodejs
[ 55%] Built target hector_nav_msgs_generate_messages_lisp
[ 77%] Built target hector_nav_msgs_generate_messages_eus
[100%] Built target hector_nav_msgs_generate_messages_py
[100%] Built target hector_nav_msgs_generate_messages
